<?xml version="1.0" encoding="UTF-8"?>
<!-- Generated by org.testng.reporters.JUnitXMLReporter -->
<testsuite hostname="DESKTOP-EMG3RO4" ignored="0" name="Create" tests="4" failures="0" timestamp="14 Aug 2019 06:00:37 GMT" time="2.194" errors="0">
  <testcase name="Product" time="1.693" classname="Create.NewEntry"/>
  <testcase name="Category" time="0.198" classname="Create.NewEntry"/>
  <testcase name="Service" time="0.107" classname="Create.NewEntry"/>
  <testcase name="Store" time="0.15" classname="Create.NewEntry"/>
</testsuite> <!-- Create -->
