<?xml version="1.0" encoding="UTF-8"?>
<!-- Generated by org.testng.reporters.JUnitXMLReporter -->
<testsuite hostname="DESKTOP-EMG3RO4" ignored="0" name="GetCalls" tests="8" failures="0" timestamp="14 Aug 2019 06:00:38 GMT" time="1.595" errors="0">
  <testcase name="PriceSort" time="0.688" classname="GetCalls.Product"/>
  <testcase name="NameDesc" time="0.124" classname="GetCalls.Product"/>
  <testcase name="FreeShippingPricebetween" time="0.546" classname="GetCalls.Product"/>
  <testcase name="Like" time="0.052" classname="GetCalls.Category"/>
  <testcase name="NameOnly" time="0.018" classname="GetCalls.Category"/>
  <testcase name="StoreinState" time="0.056" classname="GetCalls.Store"/>
  <testcase name="ServiceName" time="0.064" classname="GetCalls.Store"/>
  <testcase name="NearServiceStore" time="0.028" classname="GetCalls.Store"/>
</testsuite> <!-- GetCalls -->
